[2022-11-25T12:50:17.017Z] [org.springframework.boot.StartupInfoLogger] [main] [55] [INFO ] Starting BatchApplication using Java 17.0.1 on DINIZ with PID 8928 (C:\Users\danie\Documents\Daniel_Diniz\java\Spring-Batch\batch\target\classes started by danie in C:\Users\danie\Documents\Daniel_Diniz\java\Spring-Batch\batch)
[2022-11-25T12:50:17.017Z] [org.springframework.boot.SpringApplication] [main] [640] [INFO ] The following 1 profile is active: "dev"
[2022-11-25T12:50:19.019Z] [org.springframework.batch.core.configuration.annotation.DefaultBatchConfigurer] [main] [98] [WARN ] No datasource was provided...using a Map based JobRepository
[2022-11-25T12:50:19.019Z] [org.springframework.batch.core.configuration.annotation.DefaultBatchConfigurer] [main] [101] [WARN ] No transaction manager was provided, using a ResourcelessTransactionManager
[2022-11-25T12:50:19.019Z] [org.springframework.batch.core.launch.support.SimpleJobLauncher] [main] [215] [INFO ] No TaskExecutor has been set, defaulting to synchronous executor.
[2022-11-25T12:50:19.019Z] [com.zaxxer.hikari.HikariDataSource] [main] [110] [INFO ] HikariPool-1 - Starting...
[2022-11-25T12:50:20.020Z] [com.zaxxer.hikari.HikariDataSource] [main] [123] [INFO ] HikariPool-1 - Start completed.
[2022-11-25T12:50:20.020Z] [org.springframework.boot.StartupInfoLogger] [main] [61] [INFO ] Started BatchApplication in 4.002 seconds (JVM running for 32.359)
[2022-11-25T12:50:20.020Z] [org.springframework.boot.autoconfigure.batch.JobLauncherApplicationRunner] [main] [154] [INFO ] Running default command line with: []
[2022-11-25T12:50:20.020Z] [org.springframework.batch.core.launch.support.SimpleJobLauncher$1] [main] [146] [INFO ] Job: [SimpleJob: [name=imprimeOJob]] launched with the following parameters: [{}]
[2022-11-25T12:50:20.020Z] [org.springframework.batch.core.job.SimpleStepHandler] [main] [149] [INFO ] Executing step: [imprimeOJob]
[2022-11-25T12:50:20.020Z] [br.com.training.batch.job.BatchConfig$1] [main] [52] [INFO ] Olá, Mundo!
[2022-11-25T12:50:20.020Z] [org.springframework.batch.core.step.AbstractStep] [main] [273] [INFO ] Step: [imprimeOJob] executed in 41ms
[2022-11-25T12:50:20.020Z] [org.springframework.batch.core.launch.support.SimpleJobLauncher$1] [main] [152] [INFO ] Job: [SimpleJob: [name=imprimeOJob]] completed with the following parameters: [{}] and the following status: [COMPLETED] in 72ms
[2022-11-25T12:50:20.020Z] [com.zaxxer.hikari.HikariDataSource] [SpringApplicationShutdownHook] [350] [INFO ] HikariPool-1 - Shutdown initiated...
[2022-11-25T12:50:21.021Z] [com.zaxxer.hikari.HikariDataSource] [SpringApplicationShutdownHook] [352] [INFO ] HikariPool-1 - Shutdown completed.
[2022-11-25T12:52:22.022Z] [org.springframework.boot.StartupInfoLogger] [main] [55] [INFO ] Starting BatchApplication using Java 17.0.1 on DINIZ with PID 3540 (C:\Users\danie\Documents\Daniel_Diniz\java\Spring-Batch\batch\target\classes started by danie in C:\Users\danie\Documents\Daniel_Diniz\java\Spring-Batch\batch)
[2022-11-25T12:52:22.022Z] [org.springframework.boot.SpringApplication] [main] [640] [INFO ] The following 1 profile is active: "dev"
[2022-11-25T12:52:23.023Z] [org.springframework.batch.core.configuration.annotation.DefaultBatchConfigurer] [main] [98] [WARN ] No datasource was provided...using a Map based JobRepository
[2022-11-25T12:52:23.023Z] [org.springframework.batch.core.configuration.annotation.DefaultBatchConfigurer] [main] [101] [WARN ] No transaction manager was provided, using a ResourcelessTransactionManager
[2022-11-25T12:52:23.023Z] [org.springframework.batch.core.launch.support.SimpleJobLauncher] [main] [215] [INFO ] No TaskExecutor has been set, defaulting to synchronous executor.
[2022-11-25T12:52:23.023Z] [com.zaxxer.hikari.HikariDataSource] [main] [110] [INFO ] HikariPool-1 - Starting...
[2022-11-25T12:52:24.024Z] [com.zaxxer.hikari.HikariDataSource] [main] [123] [INFO ] HikariPool-1 - Start completed.
[2022-11-25T12:52:24.024Z] [org.springframework.boot.StartupInfoLogger] [main] [61] [INFO ] Started BatchApplication in 2.674 seconds (JVM running for 3.39)
[2022-11-25T12:52:24.024Z] [org.springframework.boot.autoconfigure.batch.JobLauncherApplicationRunner] [main] [154] [INFO ] Running default command line with: []
[2022-11-25T12:52:24.024Z] [org.springframework.batch.core.launch.support.SimpleJobLauncher$1] [main] [146] [INFO ] Job: [SimpleJob: [name=imprimeOJob]] launched with the following parameters: [{}]
[2022-11-25T12:52:24.024Z] [org.springframework.batch.core.job.SimpleStepHandler] [main] [149] [INFO ] Executing step: [imprimeOJob]
[2022-11-25T12:52:24.024Z] [br.com.training.batch.job.BatchConfig$1] [main] [52] [INFO ] Olá, Mundo!
[2022-11-25T12:52:24.024Z] [org.springframework.batch.core.step.AbstractStep] [main] [273] [INFO ] Step: [imprimeOJob] executed in 22ms
[2022-11-25T12:52:24.024Z] [org.springframework.batch.core.launch.support.SimpleJobLauncher$1] [main] [152] [INFO ] Job: [SimpleJob: [name=imprimeOJob]] completed with the following parameters: [{}] and the following status: [COMPLETED] in 40ms
[2022-11-25T12:52:24.024Z] [com.zaxxer.hikari.HikariDataSource] [SpringApplicationShutdownHook] [350] [INFO ] HikariPool-1 - Shutdown initiated...
[2022-11-25T12:52:24.024Z] [com.zaxxer.hikari.HikariDataSource] [SpringApplicationShutdownHook] [352] [INFO ] HikariPool-1 - Shutdown completed.
[2022-11-25T12:58:58.058Z] [org.springframework.boot.StartupInfoLogger] [main] [55] [INFO ] Starting BatchApplication using Java 17.0.1 on DINIZ with PID 34052 (C:\Users\danie\Documents\Daniel_Diniz\java\Spring-Batch\batch\target\classes started by danie in C:\Users\danie\Documents\Daniel_Diniz\java\Spring-Batch\batch)
[2022-11-25T12:58:58.058Z] [org.springframework.boot.SpringApplication] [main] [640] [INFO ] The following 1 profile is active: "dev"
[2022-11-25T12:58:58.058Z] [org.springframework.data.repository.config.RepositoryConfigurationDelegate] [main] [132] [INFO ] Bootstrapping Spring Data JPA repositories in DEFAULT mode.
[2022-11-25T12:58:59.059Z] [org.springframework.data.repository.config.RepositoryConfigurationDelegate] [main] [201] [INFO ] Finished Spring Data repository scanning in 11 ms. Found 0 JPA repository interfaces.
[2022-11-25T12:58:59.059Z] [com.zaxxer.hikari.HikariDataSource] [main] [110] [INFO ] HikariPool-1 - Starting...
[2022-11-25T12:59:00.000Z] [com.zaxxer.hikari.HikariDataSource] [main] [123] [INFO ] HikariPool-1 - Start completed.
[2022-11-25T12:59:00.000Z] [org.hibernate.jpa.internal.util.LogHelper] [main] [31] [INFO ] HHH000204: Processing PersistenceUnitInfo [name: default]
[2022-11-25T12:59:00.000Z] [org.hibernate.Version] [main] [44] [INFO ] HHH000412: Hibernate ORM core version 5.6.12.Final
[2022-11-25T12:59:01.001Z] [org.hibernate.annotations.common.reflection.java.JavaReflectionManager] [main] [56] [INFO ] HCANN000001: Hibernate Commons Annotations {5.1.2.Final}
[2022-11-25T12:59:01.001Z] [org.hibernate.dialect.Dialect] [main] [175] [INFO ] HHH000400: Using dialect: org.hibernate.dialect.MySQL57Dialect
[2022-11-25T12:59:01.001Z] [org.hibernate.engine.transaction.jta.platform.internal.JtaPlatformInitiator] [main] [52] [INFO ] HHH000490: Using JtaPlatform implementation: [org.hibernate.engine.transaction.jta.platform.internal.NoJtaPlatform]
[2022-11-25T12:59:01.001Z] [org.springframework.orm.jpa.AbstractEntityManagerFactoryBean] [main] [437] [INFO ] Initialized JPA EntityManagerFactory for persistence unit 'default'
[2022-11-25T12:59:01.001Z] [org.springframework.batch.core.configuration.annotation.DefaultBatchConfigurer] [main] [98] [WARN ] No datasource was provided...using a Map based JobRepository
[2022-11-25T12:59:01.001Z] [org.springframework.batch.core.configuration.annotation.DefaultBatchConfigurer] [main] [101] [WARN ] No transaction manager was provided, using a ResourcelessTransactionManager
[2022-11-25T12:59:01.001Z] [org.springframework.batch.core.launch.support.SimpleJobLauncher] [main] [215] [INFO ] No TaskExecutor has been set, defaulting to synchronous executor.
[2022-11-25T12:59:02.002Z] [org.springframework.boot.StartupInfoLogger] [main] [61] [INFO ] Started BatchApplication in 4.656 seconds (JVM running for 8.443)
[2022-11-25T12:59:02.002Z] [org.springframework.boot.autoconfigure.batch.JobLauncherApplicationRunner] [main] [154] [INFO ] Running default command line with: []
[2022-11-25T12:59:02.002Z] [org.springframework.batch.core.launch.support.SimpleJobLauncher$1] [main] [146] [INFO ] Job: [SimpleJob: [name=imprimeOJob]] launched with the following parameters: [{}]
[2022-11-25T12:59:02.002Z] [org.springframework.batch.core.job.SimpleStepHandler] [main] [149] [INFO ] Executing step: [imprimeOJob]
[2022-11-25T12:59:02.002Z] [br.com.training.batch.job.BatchConfig$1] [main] [52] [INFO ] Olá, Mundo!
[2022-11-25T12:59:02.002Z] [org.springframework.batch.core.step.AbstractStep] [main] [273] [INFO ] Step: [imprimeOJob] executed in 32ms
[2022-11-25T12:59:02.002Z] [org.springframework.batch.core.launch.support.SimpleJobLauncher$1] [main] [152] [INFO ] Job: [SimpleJob: [name=imprimeOJob]] completed with the following parameters: [{}] and the following status: [COMPLETED] in 57ms
[2022-11-25T12:59:02.002Z] [org.springframework.orm.jpa.AbstractEntityManagerFactoryBean] [SpringApplicationShutdownHook] [651] [INFO ] Closing JPA EntityManagerFactory for persistence unit 'default'
[2022-11-25T12:59:02.002Z] [com.zaxxer.hikari.HikariDataSource] [SpringApplicationShutdownHook] [350] [INFO ] HikariPool-1 - Shutdown initiated...
[2022-11-25T12:59:02.002Z] [com.zaxxer.hikari.HikariDataSource] [SpringApplicationShutdownHook] [352] [INFO ] HikariPool-1 - Shutdown completed.
[2022-11-25T12:59:44.044Z] [org.springframework.boot.StartupInfoLogger] [main] [55] [INFO ] Starting BatchApplication using Java 17.0.1 on DINIZ with PID 5548 (C:\Users\danie\Documents\Daniel_Diniz\java\Spring-Batch\batch\target\classes started by danie in C:\Users\danie\Documents\Daniel_Diniz\java\Spring-Batch\batch)
[2022-11-25T12:59:44.044Z] [org.springframework.boot.SpringApplication] [main] [640] [INFO ] The following 1 profile is active: "dev"
[2022-11-25T12:59:45.045Z] [org.springframework.data.repository.config.RepositoryConfigurationDelegate] [main] [132] [INFO ] Bootstrapping Spring Data JPA repositories in DEFAULT mode.
[2022-11-25T12:59:45.045Z] [org.springframework.data.repository.config.RepositoryConfigurationDelegate] [main] [201] [INFO ] Finished Spring Data repository scanning in 6 ms. Found 0 JPA repository interfaces.
[2022-11-25T12:59:45.045Z] [com.zaxxer.hikari.HikariDataSource] [main] [110] [INFO ] HikariPool-1 - Starting...
[2022-11-25T12:59:46.046Z] [com.zaxxer.hikari.HikariDataSource] [main] [123] [INFO ] HikariPool-1 - Start completed.
[2022-11-25T12:59:46.046Z] [org.hibernate.jpa.internal.util.LogHelper] [main] [31] [INFO ] HHH000204: Processing PersistenceUnitInfo [name: default]
[2022-11-25T12:59:46.046Z] [org.hibernate.Version] [main] [44] [INFO ] HHH000412: Hibernate ORM core version 5.6.12.Final
[2022-11-25T12:59:46.046Z] [org.hibernate.annotations.common.reflection.java.JavaReflectionManager] [main] [56] [INFO ] HCANN000001: Hibernate Commons Annotations {5.1.2.Final}
[2022-11-25T12:59:46.046Z] [org.hibernate.dialect.Dialect] [main] [175] [INFO ] HHH000400: Using dialect: org.hibernate.dialect.MySQL57Dialect
[2022-11-25T12:59:46.046Z] [org.hibernate.engine.transaction.jta.platform.internal.JtaPlatformInitiator] [main] [52] [INFO ] HHH000490: Using JtaPlatform implementation: [org.hibernate.engine.transaction.jta.platform.internal.NoJtaPlatform]
[2022-11-25T12:59:46.046Z] [org.springframework.orm.jpa.AbstractEntityManagerFactoryBean] [main] [437] [INFO ] Initialized JPA EntityManagerFactory for persistence unit 'default'
[2022-11-25T12:59:47.047Z] [org.springframework.batch.core.configuration.annotation.DefaultBatchConfigurer] [main] [98] [WARN ] No datasource was provided...using a Map based JobRepository
[2022-11-25T12:59:47.047Z] [org.springframework.batch.core.configuration.annotation.DefaultBatchConfigurer] [main] [101] [WARN ] No transaction manager was provided, using a ResourcelessTransactionManager
[2022-11-25T12:59:47.047Z] [org.springframework.batch.core.launch.support.SimpleJobLauncher] [main] [215] [INFO ] No TaskExecutor has been set, defaulting to synchronous executor.
[2022-11-25T12:59:47.047Z] [org.springframework.boot.StartupInfoLogger] [main] [61] [INFO ] Started BatchApplication in 3.042 seconds (JVM running for 3.666)
[2022-11-25T12:59:47.047Z] [org.springframework.boot.autoconfigure.batch.JobLauncherApplicationRunner] [main] [154] [INFO ] Running default command line with: []
[2022-11-25T12:59:47.047Z] [org.springframework.batch.core.launch.support.SimpleJobLauncher$1] [main] [146] [INFO ] Job: [SimpleJob: [name=imprimeOJob]] launched with the following parameters: [{}]
[2022-11-25T12:59:47.047Z] [org.springframework.batch.core.job.SimpleStepHandler] [main] [149] [INFO ] Executing step: [imprimeOJob]
[2022-11-25T12:59:47.047Z] [br.com.training.batch.job.BatchConfig$1] [main] [52] [INFO ] Olá, Mundo!
[2022-11-25T12:59:47.047Z] [org.springframework.batch.core.step.AbstractStep] [main] [273] [INFO ] Step: [imprimeOJob] executed in 17ms
[2022-11-25T12:59:47.047Z] [org.springframework.batch.core.launch.support.SimpleJobLauncher$1] [main] [152] [INFO ] Job: [SimpleJob: [name=imprimeOJob]] completed with the following parameters: [{}] and the following status: [COMPLETED] in 34ms
[2022-11-25T12:59:47.047Z] [org.springframework.orm.jpa.AbstractEntityManagerFactoryBean] [SpringApplicationShutdownHook] [651] [INFO ] Closing JPA EntityManagerFactory for persistence unit 'default'
[2022-11-25T12:59:47.047Z] [com.zaxxer.hikari.HikariDataSource] [SpringApplicationShutdownHook] [350] [INFO ] HikariPool-1 - Shutdown initiated...
[2022-11-25T12:59:47.047Z] [com.zaxxer.hikari.HikariDataSource] [SpringApplicationShutdownHook] [352] [INFO ] HikariPool-1 - Shutdown completed.
[2022-11-25T14:27:45.045Z] [org.springframework.boot.StartupInfoLogger] [main] [55] [INFO ] Starting BatchApplication using Java 17.0.1 on DINIZ with PID 31488 (C:\Users\danie\Documents\Daniel_Diniz\java\Spring-Batch\batch\target\classes started by danie in C:\Users\danie\Documents\Daniel_Diniz\java\Spring-Batch\batch)
[2022-11-25T14:27:45.045Z] [org.springframework.boot.SpringApplication] [main] [640] [INFO ] The following 1 profile is active: "dev"
[2022-11-25T14:27:46.046Z] [org.springframework.data.repository.config.RepositoryConfigurationDelegate] [main] [132] [INFO ] Bootstrapping Spring Data JPA repositories in DEFAULT mode.
[2022-11-25T14:27:46.046Z] [org.springframework.data.repository.config.RepositoryConfigurationDelegate] [main] [201] [INFO ] Finished Spring Data repository scanning in 8 ms. Found 0 JPA repository interfaces.
[2022-11-25T14:27:46.046Z] [com.zaxxer.hikari.HikariDataSource] [main] [110] [INFO ] HikariPool-1 - Starting...
[2022-11-25T14:27:47.047Z] [com.zaxxer.hikari.HikariDataSource] [main] [123] [INFO ] HikariPool-1 - Start completed.
[2022-11-25T14:27:47.047Z] [org.hibernate.jpa.internal.util.LogHelper] [main] [31] [INFO ] HHH000204: Processing PersistenceUnitInfo [name: default]
[2022-11-25T14:27:47.047Z] [org.hibernate.Version] [main] [44] [INFO ] HHH000412: Hibernate ORM core version 5.6.12.Final
[2022-11-25T14:27:48.048Z] [org.hibernate.annotations.common.reflection.java.JavaReflectionManager] [main] [56] [INFO ] HCANN000001: Hibernate Commons Annotations {5.1.2.Final}
[2022-11-25T14:27:48.048Z] [org.hibernate.dialect.Dialect] [main] [175] [INFO ] HHH000400: Using dialect: org.hibernate.dialect.MySQL57Dialect
[2022-11-25T14:27:48.048Z] [org.hibernate.engine.transaction.jta.platform.internal.JtaPlatformInitiator] [main] [52] [INFO ] HHH000490: Using JtaPlatform implementation: [org.hibernate.engine.transaction.jta.platform.internal.NoJtaPlatform]
[2022-11-25T14:27:48.048Z] [org.springframework.orm.jpa.AbstractEntityManagerFactoryBean] [main] [437] [INFO ] Initialized JPA EntityManagerFactory for persistence unit 'default'
[2022-11-25T14:27:48.048Z] [org.springframework.batch.core.configuration.annotation.DefaultBatchConfigurer] [main] [98] [WARN ] No datasource was provided...using a Map based JobRepository
[2022-11-25T14:27:48.048Z] [org.springframework.batch.core.configuration.annotation.DefaultBatchConfigurer] [main] [101] [WARN ] No transaction manager was provided, using a ResourcelessTransactionManager
[2022-11-25T14:27:48.048Z] [org.springframework.batch.core.launch.support.SimpleJobLauncher] [main] [215] [INFO ] No TaskExecutor has been set, defaulting to synchronous executor.
[2022-11-25T14:27:48.048Z] [org.springframework.boot.StartupInfoLogger] [main] [61] [INFO ] Started BatchApplication in 3.833 seconds (JVM running for 4.708)
[2022-11-25T14:27:48.048Z] [org.springframework.boot.autoconfigure.batch.JobLauncherApplicationRunner] [main] [154] [INFO ] Running default command line with: []
[2022-11-25T14:27:48.048Z] [org.springframework.batch.core.launch.support.SimpleJobLauncher$1] [main] [146] [INFO ] Job: [SimpleJob: [name=imprimeOJob]] launched with the following parameters: [{}]
[2022-11-25T14:27:49.049Z] [org.springframework.batch.core.job.SimpleStepHandler] [main] [149] [INFO ] Executing step: [imprimeOJob]
[2022-11-25T14:27:49.049Z] [br.com.training.batch.job.BatchConfig$1] [main] [52] [INFO ] Olá, Mundo!
[2022-11-25T14:27:49.049Z] [org.springframework.batch.core.step.AbstractStep] [main] [273] [INFO ] Step: [imprimeOJob] executed in 23ms
[2022-11-25T14:27:49.049Z] [org.springframework.batch.core.launch.support.SimpleJobLauncher$1] [main] [152] [INFO ] Job: [SimpleJob: [name=imprimeOJob]] completed with the following parameters: [{}] and the following status: [COMPLETED] in 38ms
[2022-11-25T14:27:49.049Z] [org.springframework.orm.jpa.AbstractEntityManagerFactoryBean] [SpringApplicationShutdownHook] [651] [INFO ] Closing JPA EntityManagerFactory for persistence unit 'default'
[2022-11-25T14:27:49.049Z] [com.zaxxer.hikari.HikariDataSource] [SpringApplicationShutdownHook] [350] [INFO ] HikariPool-1 - Shutdown initiated...
[2022-11-25T14:27:49.049Z] [com.zaxxer.hikari.HikariDataSource] [SpringApplicationShutdownHook] [352] [INFO ] HikariPool-1 - Shutdown completed.
[2022-11-25T14:31:14.014Z] [org.springframework.boot.StartupInfoLogger] [main] [55] [INFO ] Starting BatchApplication using Java 17.0.1 on DINIZ with PID 14396 (C:\Users\danie\Documents\Daniel_Diniz\java\Spring-Batch\batch\target\classes started by danie in C:\Users\danie\Documents\Daniel_Diniz\java\Spring-Batch\batch)
[2022-11-25T14:31:14.014Z] [org.springframework.boot.SpringApplication] [main] [640] [INFO ] The following 1 profile is active: "dev"
[2022-11-25T14:31:15.015Z] [org.springframework.data.repository.config.RepositoryConfigurationDelegate] [main] [132] [INFO ] Bootstrapping Spring Data JPA repositories in DEFAULT mode.
[2022-11-25T14:31:15.015Z] [org.springframework.data.repository.config.RepositoryConfigurationDelegate] [main] [201] [INFO ] Finished Spring Data repository scanning in 15 ms. Found 0 JPA repository interfaces.
[2022-11-25T14:31:16.016Z] [com.zaxxer.hikari.HikariDataSource] [main] [110] [INFO ] HikariPool-1 - Starting...
[2022-11-25T14:31:16.016Z] [com.zaxxer.hikari.HikariDataSource] [main] [123] [INFO ] HikariPool-1 - Start completed.
[2022-11-25T14:31:16.016Z] [org.hibernate.jpa.internal.util.LogHelper] [main] [31] [INFO ] HHH000204: Processing PersistenceUnitInfo [name: default]
[2022-11-25T14:31:17.017Z] [org.hibernate.Version] [main] [44] [INFO ] HHH000412: Hibernate ORM core version 5.6.12.Final
[2022-11-25T14:31:17.017Z] [org.hibernate.annotations.common.reflection.java.JavaReflectionManager] [main] [56] [INFO ] HCANN000001: Hibernate Commons Annotations {5.1.2.Final}
[2022-11-25T14:31:17.017Z] [org.hibernate.dialect.Dialect] [main] [175] [INFO ] HHH000400: Using dialect: org.hibernate.dialect.MySQL57Dialect
[2022-11-25T14:31:17.017Z] [org.hibernate.engine.transaction.jta.platform.internal.JtaPlatformInitiator] [main] [52] [INFO ] HHH000490: Using JtaPlatform implementation: [org.hibernate.engine.transaction.jta.platform.internal.NoJtaPlatform]
[2022-11-25T14:31:17.017Z] [org.springframework.orm.jpa.AbstractEntityManagerFactoryBean] [main] [437] [INFO ] Initialized JPA EntityManagerFactory for persistence unit 'default'
[2022-11-25T14:31:17.017Z] [org.springframework.batch.core.configuration.annotation.DefaultBatchConfigurer] [main] [63] [WARN ] No transaction manager was provided, using a DataSourceTransactionManager
[2022-11-25T14:31:17.017Z] [org.springframework.batch.core.repository.support.JobRepositoryFactoryBean] [main] [185] [INFO ] No database type set, using meta data indicating: MYSQL
[2022-11-25T14:31:18.018Z] [org.springframework.batch.core.launch.support.SimpleJobLauncher] [main] [215] [INFO ] No TaskExecutor has been set, defaulting to synchronous executor.
[2022-11-25T14:31:18.018Z] [org.springframework.boot.StartupInfoLogger] [main] [61] [INFO ] Started BatchApplication in 4.018 seconds (JVM running for 4.8)
[2022-11-25T14:31:18.018Z] [org.springframework.boot.autoconfigure.batch.JobLauncherApplicationRunner] [main] [154] [INFO ] Running default command line with: []
[2022-11-25T14:31:18.018Z] [org.springframework.batch.core.launch.support.SimpleJobLauncher$1] [main] [146] [INFO ] Job: [SimpleJob: [name=imprimeOJob]] launched with the following parameters: [{}]
[2022-11-25T14:31:18.018Z] [org.springframework.batch.core.job.SimpleStepHandler] [main] [149] [INFO ] Executing step: [imprimeOJob]
[2022-11-25T14:31:18.018Z] [br.com.training.batch.job.BatchConfig$1] [main] [52] [INFO ] Olá, Mundo!
[2022-11-25T14:31:18.018Z] [org.springframework.batch.core.step.AbstractStep] [main] [273] [INFO ] Step: [imprimeOJob] executed in 34ms
[2022-11-25T14:31:18.018Z] [org.springframework.batch.core.launch.support.SimpleJobLauncher$1] [main] [152] [INFO ] Job: [SimpleJob: [name=imprimeOJob]] completed with the following parameters: [{}] and the following status: [COMPLETED] in 74ms
[2022-11-25T14:31:18.018Z] [org.springframework.orm.jpa.AbstractEntityManagerFactoryBean] [SpringApplicationShutdownHook] [651] [INFO ] Closing JPA EntityManagerFactory for persistence unit 'default'
[2022-11-25T14:31:18.018Z] [com.zaxxer.hikari.HikariDataSource] [SpringApplicationShutdownHook] [350] [INFO ] HikariPool-1 - Shutdown initiated...
[2022-11-25T14:31:18.018Z] [com.zaxxer.hikari.HikariDataSource] [SpringApplicationShutdownHook] [352] [INFO ] HikariPool-1 - Shutdown completed.
[2022-11-25T14:47:12.012Z] [org.springframework.boot.StartupInfoLogger] [main] [55] [INFO ] Starting BatchApplication using Java 17.0.1 on DINIZ with PID 3096 (C:\Users\danie\Documents\Daniel_Diniz\java\Spring-Batch\batch\target\classes started by danie in C:\Users\danie\Documents\Daniel_Diniz\java\Spring-Batch\batch)
[2022-11-25T14:47:12.012Z] [org.springframework.boot.SpringApplication] [main] [640] [INFO ] The following 1 profile is active: "dev"
[2022-11-25T14:47:13.013Z] [org.springframework.data.repository.config.RepositoryConfigurationDelegate] [main] [132] [INFO ] Bootstrapping Spring Data JPA repositories in DEFAULT mode.
[2022-11-25T14:47:13.013Z] [org.springframework.data.repository.config.RepositoryConfigurationDelegate] [main] [201] [INFO ] Finished Spring Data repository scanning in 9 ms. Found 0 JPA repository interfaces.
[2022-11-25T14:47:13.013Z] [com.zaxxer.hikari.HikariDataSource] [main] [110] [INFO ] HikariPool-1 - Starting...
[2022-11-25T14:47:14.014Z] [com.zaxxer.hikari.HikariDataSource] [main] [123] [INFO ] HikariPool-1 - Start completed.
[2022-11-25T14:47:14.014Z] [org.hibernate.jpa.internal.util.LogHelper] [main] [31] [INFO ] HHH000204: Processing PersistenceUnitInfo [name: default]
[2022-11-25T14:47:14.014Z] [org.hibernate.Version] [main] [44] [INFO ] HHH000412: Hibernate ORM core version 5.6.12.Final
[2022-11-25T14:47:14.014Z] [org.hibernate.annotations.common.reflection.java.JavaReflectionManager] [main] [56] [INFO ] HCANN000001: Hibernate Commons Annotations {5.1.2.Final}
[2022-11-25T14:47:15.015Z] [org.hibernate.dialect.Dialect] [main] [175] [INFO ] HHH000400: Using dialect: org.hibernate.dialect.MySQL57Dialect
[2022-11-25T14:47:15.015Z] [org.hibernate.engine.transaction.jta.platform.internal.JtaPlatformInitiator] [main] [52] [INFO ] HHH000490: Using JtaPlatform implementation: [org.hibernate.engine.transaction.jta.platform.internal.NoJtaPlatform]
[2022-11-25T14:47:15.015Z] [org.springframework.orm.jpa.AbstractEntityManagerFactoryBean] [main] [437] [INFO ] Initialized JPA EntityManagerFactory for persistence unit 'default'
[2022-11-25T14:47:15.015Z] [org.springframework.batch.core.configuration.annotation.DefaultBatchConfigurer] [main] [63] [WARN ] No transaction manager was provided, using a DataSourceTransactionManager
[2022-11-25T14:47:15.015Z] [org.springframework.batch.core.repository.support.JobRepositoryFactoryBean] [main] [185] [INFO ] No database type set, using meta data indicating: MYSQL
[2022-11-25T14:47:15.015Z] [org.springframework.batch.core.launch.support.SimpleJobLauncher] [main] [215] [INFO ] No TaskExecutor has been set, defaulting to synchronous executor.
[2022-11-25T14:47:15.015Z] [org.springframework.boot.StartupInfoLogger] [main] [61] [INFO ] Started BatchApplication in 3.727 seconds (JVM running for 4.473)
[2022-11-25T14:47:15.015Z] [org.springframework.boot.autoconfigure.batch.JobLauncherApplicationRunner] [main] [154] [INFO ] Running default command line with: []
[2022-11-25T14:47:16.016Z] [org.springframework.batch.core.launch.support.SimpleJobLauncher$1] [main] [146] [INFO ] Job: [SimpleJob: [name=imprimeOJob]] launched with the following parameters: [{}]
[2022-11-25T14:47:16.016Z] [org.springframework.batch.core.job.SimpleStepHandler] [main] [223] [INFO ] Step already complete or not restartable, so no action to execute: StepExecution: id=1, version=3, name=imprimeOJob, status=COMPLETED, exitStatus=COMPLETED, readCount=0, filterCount=0, writeCount=0 readSkipCount=0, writeSkipCount=0, processSkipCount=0, commitCount=1, rollbackCount=0, exitDescription=
[2022-11-25T14:47:16.016Z] [org.springframework.batch.core.launch.support.SimpleJobLauncher$1] [main] [152] [INFO ] Job: [SimpleJob: [name=imprimeOJob]] completed with the following parameters: [{}] and the following status: [COMPLETED] in 68ms
[2022-11-25T14:47:16.016Z] [org.springframework.orm.jpa.AbstractEntityManagerFactoryBean] [SpringApplicationShutdownHook] [651] [INFO ] Closing JPA EntityManagerFactory for persistence unit 'default'
[2022-11-25T14:47:16.016Z] [com.zaxxer.hikari.HikariDataSource] [SpringApplicationShutdownHook] [350] [INFO ] HikariPool-1 - Shutdown initiated...
[2022-11-25T14:47:16.016Z] [com.zaxxer.hikari.HikariDataSource] [SpringApplicationShutdownHook] [352] [INFO ] HikariPool-1 - Shutdown completed.
[2022-11-25T14:51:57.057Z] [org.springframework.boot.StartupInfoLogger] [main] [55] [INFO ] Starting BatchApplication using Java 17.0.1 on DINIZ with PID 37852 (C:\Users\danie\Documents\Daniel_Diniz\java\Spring-Batch\batch\target\classes started by danie in C:\Users\danie\Documents\Daniel_Diniz\java\Spring-Batch\batch)
[2022-11-25T14:51:57.057Z] [org.springframework.boot.SpringApplication] [main] [640] [INFO ] The following 1 profile is active: "dev"
[2022-11-25T14:51:58.058Z] [org.springframework.data.repository.config.RepositoryConfigurationDelegate] [main] [132] [INFO ] Bootstrapping Spring Data JPA repositories in DEFAULT mode.
[2022-11-25T14:51:58.058Z] [org.springframework.data.repository.config.RepositoryConfigurationDelegate] [main] [201] [INFO ] Finished Spring Data repository scanning in 8 ms. Found 0 JPA repository interfaces.
[2022-11-25T14:51:59.059Z] [com.zaxxer.hikari.HikariDataSource] [main] [110] [INFO ] HikariPool-1 - Starting...
[2022-11-25T14:51:59.059Z] [com.zaxxer.hikari.HikariDataSource] [main] [123] [INFO ] HikariPool-1 - Start completed.
[2022-11-25T14:52:00.000Z] [org.hibernate.jpa.internal.util.LogHelper] [main] [31] [INFO ] HHH000204: Processing PersistenceUnitInfo [name: default]
[2022-11-25T14:52:00.000Z] [org.hibernate.Version] [main] [44] [INFO ] HHH000412: Hibernate ORM core version 5.6.12.Final
[2022-11-25T14:52:00.000Z] [org.hibernate.annotations.common.reflection.java.JavaReflectionManager] [main] [56] [INFO ] HCANN000001: Hibernate Commons Annotations {5.1.2.Final}
[2022-11-25T14:52:00.000Z] [org.hibernate.dialect.Dialect] [main] [175] [INFO ] HHH000400: Using dialect: org.hibernate.dialect.MySQL57Dialect
[2022-11-25T14:52:00.000Z] [org.hibernate.engine.transaction.jta.platform.internal.JtaPlatformInitiator] [main] [52] [INFO ] HHH000490: Using JtaPlatform implementation: [org.hibernate.engine.transaction.jta.platform.internal.NoJtaPlatform]
[2022-11-25T14:52:00.000Z] [org.springframework.orm.jpa.AbstractEntityManagerFactoryBean] [main] [437] [INFO ] Initialized JPA EntityManagerFactory for persistence unit 'default'
[2022-11-25T14:52:00.000Z] [org.springframework.batch.core.configuration.annotation.DefaultBatchConfigurer] [main] [63] [WARN ] No transaction manager was provided, using a DataSourceTransactionManager
[2022-11-25T14:52:00.000Z] [org.springframework.batch.core.repository.support.JobRepositoryFactoryBean] [main] [185] [INFO ] No database type set, using meta data indicating: MYSQL
[2022-11-25T14:52:01.001Z] [org.springframework.batch.core.launch.support.SimpleJobLauncher] [main] [215] [INFO ] No TaskExecutor has been set, defaulting to synchronous executor.
[2022-11-25T14:52:01.001Z] [org.springframework.boot.StartupInfoLogger] [main] [61] [INFO ] Started BatchApplication in 4.252 seconds (JVM running for 5.032)
[2022-11-25T14:52:01.001Z] [org.springframework.boot.autoconfigure.batch.JobLauncherApplicationRunner] [main] [154] [INFO ] Running default command line with: []
[2022-11-25T14:52:01.001Z] [org.springframework.batch.core.launch.support.SimpleJobLauncher$1] [main] [146] [INFO ] Job: [SimpleJob: [name=imprimeOJob]] launched with the following parameters: [{}]
[2022-11-25T14:52:01.001Z] [org.springframework.batch.core.job.SimpleStepHandler] [main] [223] [INFO ] Step already complete or not restartable, so no action to execute: StepExecution: id=1, version=3, name=imprimeOJob, status=COMPLETED, exitStatus=COMPLETED, readCount=0, filterCount=0, writeCount=0 readSkipCount=0, writeSkipCount=0, processSkipCount=0, commitCount=1, rollbackCount=0, exitDescription=
[2022-11-25T14:52:01.001Z] [org.springframework.batch.core.launch.support.SimpleJobLauncher$1] [main] [152] [INFO ] Job: [SimpleJob: [name=imprimeOJob]] completed with the following parameters: [{}] and the following status: [COMPLETED] in 23ms
[2022-11-25T14:52:01.001Z] [org.springframework.orm.jpa.AbstractEntityManagerFactoryBean] [SpringApplicationShutdownHook] [651] [INFO ] Closing JPA EntityManagerFactory for persistence unit 'default'
[2022-11-25T14:52:01.001Z] [com.zaxxer.hikari.HikariDataSource] [SpringApplicationShutdownHook] [350] [INFO ] HikariPool-1 - Shutdown initiated...
[2022-11-25T14:52:01.001Z] [com.zaxxer.hikari.HikariDataSource] [SpringApplicationShutdownHook] [352] [INFO ] HikariPool-1 - Shutdown completed.
[2022-11-25T14:53:24.024Z] [org.springframework.boot.StartupInfoLogger] [main] [55] [INFO ] Starting BatchApplication using Java 17.0.1 on DINIZ with PID 30108 (C:\Users\danie\Documents\Daniel_Diniz\java\Spring-Batch\batch\target\classes started by danie in C:\Users\danie\Documents\Daniel_Diniz\java\Spring-Batch\batch)
[2022-11-25T14:53:24.024Z] [org.springframework.boot.SpringApplication] [main] [640] [INFO ] The following 1 profile is active: "dev"
[2022-11-25T14:53:25.025Z] [org.springframework.data.repository.config.RepositoryConfigurationDelegate] [main] [132] [INFO ] Bootstrapping Spring Data JPA repositories in DEFAULT mode.
[2022-11-25T14:53:25.025Z] [org.springframework.data.repository.config.RepositoryConfigurationDelegate] [main] [201] [INFO ] Finished Spring Data repository scanning in 12 ms. Found 0 JPA repository interfaces.
[2022-11-25T14:53:25.025Z] [com.zaxxer.hikari.HikariDataSource] [main] [110] [INFO ] HikariPool-1 - Starting...
[2022-11-25T14:53:26.026Z] [com.zaxxer.hikari.HikariDataSource] [main] [123] [INFO ] HikariPool-1 - Start completed.
[2022-11-25T14:53:26.026Z] [org.hibernate.jpa.internal.util.LogHelper] [main] [31] [INFO ] HHH000204: Processing PersistenceUnitInfo [name: default]
[2022-11-25T14:53:27.027Z] [org.hibernate.Version] [main] [44] [INFO ] HHH000412: Hibernate ORM core version 5.6.12.Final
[2022-11-25T14:53:27.027Z] [org.hibernate.annotations.common.reflection.java.JavaReflectionManager] [main] [56] [INFO ] HCANN000001: Hibernate Commons Annotations {5.1.2.Final}
[2022-11-25T14:53:27.027Z] [org.hibernate.dialect.Dialect] [main] [175] [INFO ] HHH000400: Using dialect: org.hibernate.dialect.MySQL57Dialect
[2022-11-25T14:53:28.028Z] [org.hibernate.engine.transaction.jta.platform.internal.JtaPlatformInitiator] [main] [52] [INFO ] HHH000490: Using JtaPlatform implementation: [org.hibernate.engine.transaction.jta.platform.internal.NoJtaPlatform]
[2022-11-25T14:53:28.028Z] [org.springframework.orm.jpa.AbstractEntityManagerFactoryBean] [main] [437] [INFO ] Initialized JPA EntityManagerFactory for persistence unit 'default'
[2022-11-25T14:53:28.028Z] [org.springframework.batch.core.configuration.annotation.DefaultBatchConfigurer] [main] [63] [WARN ] No transaction manager was provided, using a DataSourceTransactionManager
[2022-11-25T14:53:28.028Z] [org.springframework.batch.core.repository.support.JobRepositoryFactoryBean] [main] [185] [INFO ] No database type set, using meta data indicating: MYSQL
[2022-11-25T14:53:28.028Z] [org.springframework.batch.core.launch.support.SimpleJobLauncher] [main] [215] [INFO ] No TaskExecutor has been set, defaulting to synchronous executor.
[2022-11-25T14:53:28.028Z] [org.springframework.boot.StartupInfoLogger] [main] [61] [INFO ] Started BatchApplication in 5.07 seconds (JVM running for 5.766)
[2022-11-25T14:53:28.028Z] [org.springframework.boot.autoconfigure.batch.JobLauncherApplicationRunner] [main] [154] [INFO ] Running default command line with: []
[2022-11-25T14:53:28.028Z] [org.springframework.batch.core.launch.support.SimpleJobLauncher$1] [main] [146] [INFO ] Job: [SimpleJob: [name=imprimeOJob]] launched with the following parameters: [{run.id=1}]
[2022-11-25T14:53:28.028Z] [org.springframework.batch.core.job.SimpleStepHandler] [main] [149] [INFO ] Executing step: [imprimeOJob]
[2022-11-25T14:53:28.028Z] [br.com.training.batch.job.BatchConfig$1] [main] [50] [INFO ] Olá, Mundo!
[2022-11-25T14:53:28.028Z] [org.springframework.batch.core.step.AbstractStep] [main] [273] [INFO ] Step: [imprimeOJob] executed in 40ms
[2022-11-25T14:53:29.029Z] [org.springframework.batch.core.launch.support.SimpleJobLauncher$1] [main] [152] [INFO ] Job: [SimpleJob: [name=imprimeOJob]] completed with the following parameters: [{run.id=1}] and the following status: [COMPLETED] in 97ms
[2022-11-25T14:53:29.029Z] [org.springframework.orm.jpa.AbstractEntityManagerFactoryBean] [SpringApplicationShutdownHook] [651] [INFO ] Closing JPA EntityManagerFactory for persistence unit 'default'
[2022-11-25T14:53:29.029Z] [com.zaxxer.hikari.HikariDataSource] [SpringApplicationShutdownHook] [350] [INFO ] HikariPool-1 - Shutdown initiated...
[2022-11-25T14:53:29.029Z] [com.zaxxer.hikari.HikariDataSource] [SpringApplicationShutdownHook] [352] [INFO ] HikariPool-1 - Shutdown completed.
[2022-11-25T14:54:14.014Z] [org.springframework.boot.StartupInfoLogger] [main] [55] [INFO ] Starting BatchApplication using Java 17.0.1 on DINIZ with PID 20724 (C:\Users\danie\Documents\Daniel_Diniz\java\Spring-Batch\batch\target\classes started by danie in C:\Users\danie\Documents\Daniel_Diniz\java\Spring-Batch\batch)
[2022-11-25T14:54:14.014Z] [org.springframework.boot.SpringApplication] [main] [640] [INFO ] The following 1 profile is active: "dev"
[2022-11-25T14:54:15.015Z] [org.springframework.data.repository.config.RepositoryConfigurationDelegate] [main] [132] [INFO ] Bootstrapping Spring Data JPA repositories in DEFAULT mode.
[2022-11-25T14:54:15.015Z] [org.springframework.data.repository.config.RepositoryConfigurationDelegate] [main] [201] [INFO ] Finished Spring Data repository scanning in 9 ms. Found 0 JPA repository interfaces.
[2022-11-25T14:54:15.015Z] [com.zaxxer.hikari.HikariDataSource] [main] [110] [INFO ] HikariPool-1 - Starting...
[2022-11-25T14:54:16.016Z] [com.zaxxer.hikari.HikariDataSource] [main] [123] [INFO ] HikariPool-1 - Start completed.
[2022-11-25T14:54:16.016Z] [org.hibernate.jpa.internal.util.LogHelper] [main] [31] [INFO ] HHH000204: Processing PersistenceUnitInfo [name: default]
[2022-11-25T14:54:16.016Z] [org.hibernate.Version] [main] [44] [INFO ] HHH000412: Hibernate ORM core version 5.6.12.Final
[2022-11-25T14:54:16.016Z] [org.hibernate.annotations.common.reflection.java.JavaReflectionManager] [main] [56] [INFO ] HCANN000001: Hibernate Commons Annotations {5.1.2.Final}
[2022-11-25T14:54:16.016Z] [org.hibernate.dialect.Dialect] [main] [175] [INFO ] HHH000400: Using dialect: org.hibernate.dialect.MySQL57Dialect
[2022-11-25T14:54:16.016Z] [org.hibernate.engine.transaction.jta.platform.internal.JtaPlatformInitiator] [main] [52] [INFO ] HHH000490: Using JtaPlatform implementation: [org.hibernate.engine.transaction.jta.platform.internal.NoJtaPlatform]
[2022-11-25T14:54:16.016Z] [org.springframework.orm.jpa.AbstractEntityManagerFactoryBean] [main] [437] [INFO ] Initialized JPA EntityManagerFactory for persistence unit 'default'
[2022-11-25T14:54:16.016Z] [org.springframework.batch.core.configuration.annotation.DefaultBatchConfigurer] [main] [63] [WARN ] No transaction manager was provided, using a DataSourceTransactionManager
[2022-11-25T14:54:16.016Z] [org.springframework.batch.core.repository.support.JobRepositoryFactoryBean] [main] [185] [INFO ] No database type set, using meta data indicating: MYSQL
[2022-11-25T14:54:17.017Z] [org.springframework.batch.core.launch.support.SimpleJobLauncher] [main] [215] [INFO ] No TaskExecutor has been set, defaulting to synchronous executor.
[2022-11-25T14:54:17.017Z] [org.springframework.boot.StartupInfoLogger] [main] [61] [INFO ] Started BatchApplication in 3.608 seconds (JVM running for 4.368)
[2022-11-25T14:54:17.017Z] [org.springframework.boot.autoconfigure.batch.JobLauncherApplicationRunner] [main] [154] [INFO ] Running default command line with: []
[2022-11-25T14:54:17.017Z] [org.springframework.batch.core.launch.support.SimpleJobLauncher$1] [main] [146] [INFO ] Job: [SimpleJob: [name=imprimeOJob]] launched with the following parameters: [{run.id=2}]
[2022-11-25T14:54:17.017Z] [org.springframework.batch.core.job.SimpleStepHandler] [main] [149] [INFO ] Executing step: [imprimeOJob]
[2022-11-25T14:54:17.017Z] [br.com.training.batch.job.BatchConfig$1] [main] [50] [INFO ] Olá, Mundo!
[2022-11-25T14:54:17.017Z] [org.springframework.batch.core.step.AbstractStep] [main] [273] [INFO ] Step: [imprimeOJob] executed in 40ms
[2022-11-25T14:54:17.017Z] [org.springframework.batch.core.launch.support.SimpleJobLauncher$1] [main] [152] [INFO ] Job: [SimpleJob: [name=imprimeOJob]] completed with the following parameters: [{run.id=2}] and the following status: [COMPLETED] in 93ms
[2022-11-25T14:54:17.017Z] [org.springframework.orm.jpa.AbstractEntityManagerFactoryBean] [SpringApplicationShutdownHook] [651] [INFO ] Closing JPA EntityManagerFactory for persistence unit 'default'
[2022-11-25T14:54:17.017Z] [com.zaxxer.hikari.HikariDataSource] [SpringApplicationShutdownHook] [350] [INFO ] HikariPool-1 - Shutdown initiated...
[2022-11-25T14:54:17.017Z] [com.zaxxer.hikari.HikariDataSource] [SpringApplicationShutdownHook] [352] [INFO ] HikariPool-1 - Shutdown completed.
